\BOOKMARK [0][-]{chapter.1}{\376\377\000I\000n\000d\000e\000k\000s\000\040\000k\000l\000a\000s}{}
\BOOKMARK [1][-]{section.1.1}{\376\377\000L\000i\000s\000t\000a\000\040\000k\000l\000a\000s}{chapter.1}
\BOOKMARK [0][-]{chapter.2}{\376\377\000D\000o\000k\000u\000m\000e\000n\000t\000a\000c\000j\000a\000\040\000k\000l\000a\000s}{}
\BOOKMARK [1][-]{section.2.1}{\376\377\000D\000o\000k\000u\000m\000e\000n\000t\000a\000c\000j\000a\000\040\000k\000l\000a\000s\000y\000\040\000B\000C\000o\000n\000n\000e\000c\000t\000i\000o\000n}{chapter.2}
\BOOKMARK [2][-]{subsection.2.1.1}{\376\377\000O\000p\000i\000s\000\040\000s\000z\000c\000z\000e\000g\000\363\001\102\000o\000w\000y}{section.2.1}
\BOOKMARK [2][-]{subsection.2.1.2}{\376\377\000D\000o\000k\000u\000m\000e\000n\000t\000a\000c\000j\000a\000\040\000k\000o\000n\000s\000t\000r\000u\000k\000t\000o\000r\000a\000\040\000i\000\040\000d\000e\000s\000t\000r\000u\000k\000t\000o\000r\000a}{section.2.1}
\BOOKMARK [3][-]{subsubsection.2.1.2.1}{\376\377\000B\000C\000o\000n\000n\000e\000c\000t\000i\000o\000n}{subsection.2.1.2}
\BOOKMARK [2][-]{subsection.2.1.3}{\376\377\000D\000o\000k\000u\000m\000e\000n\000t\000a\000c\000j\000a\000\040\000f\000u\000n\000k\000c\000j\000i\000\040\000s\000k\001\102\000a\000d\000o\000w\000y\000c\000h}{section.2.1}
\BOOKMARK [3][-]{subsubsection.2.1.3.1}{\376\377\000c\000o\000n\000n\000e\000c\000t}{subsection.2.1.3}
\BOOKMARK [3][-]{subsubsection.2.1.3.2}{\376\377\000c\000o\000n\000n\000e\000c\000t\000e\000d}{subsection.2.1.3}
\BOOKMARK [3][-]{subsubsection.2.1.3.3}{\376\377\000d\000i\000s\000c\000o\000n\000n\000e\000c\000t\000F\000r\000o\000m\000H\000o\000s\000t}{subsection.2.1.3}
\BOOKMARK [3][-]{subsubsection.2.1.3.4}{\376\377\000g\000e\000t\000D\000a\000t\000a}{subsection.2.1.3}
\BOOKMARK [3][-]{subsubsection.2.1.3.5}{\376\377\000i\000s\000S\000e\000s\000s\000i\000o\000n\000A\000l\000i\000v\000e}{subsection.2.1.3}
\BOOKMARK [3][-]{subsubsection.2.1.3.6}{\376\377\000s\000e\000n\000d\000D\000a\000t\000a}{subsection.2.1.3}
\BOOKMARK [3][-]{subsubsection.2.1.3.7}{\376\377\000s\000e\000n\000d\000D\000a\000t\000a}{subsection.2.1.3}
\BOOKMARK [3][-]{subsubsection.2.1.3.8}{\376\377\000s\000e\000n\000d\000D\000a\000t\000a}{subsection.2.1.3}
\BOOKMARK [1][-]{section.2.2}{\376\377\000D\000o\000k\000u\000m\000e\000n\000t\000a\000c\000j\000a\000\040\000k\000l\000a\000s\000y\000\040\000B\000C\000o\000n\000n\000e\000c\000t\000i\000o\000n\000B\000l\000o\000c\000k\000e\000r}{chapter.2}
\BOOKMARK [2][-]{subsection.2.2.1}{\376\377\000O\000p\000i\000s\000\040\000s\000z\000c\000z\000e\000g\000\363\001\102\000o\000w\000y}{section.2.2}
\BOOKMARK [2][-]{subsection.2.2.2}{\376\377\000D\000o\000k\000u\000m\000e\000n\000t\000a\000c\000j\000a\000\040\000f\000u\000n\000k\000c\000j\000i\000\040\000s\000k\001\102\000a\000d\000o\000w\000y\000c\000h}{section.2.2}
\BOOKMARK [3][-]{subsubsection.2.2.2.1}{\376\377\000c\000a\000n\000C\000o\000n\000n\000e\000c\000t}{subsection.2.2.2}
\BOOKMARK [3][-]{subsubsection.2.2.2.2}{\376\377\000c\000a\000n\000D\000i\000s\000c\000o\000n\000n\000e\000c\000t}{subsection.2.2.2}
\BOOKMARK [1][-]{section.2.3}{\376\377\000D\000o\000k\000u\000m\000e\000n\000t\000a\000c\000j\000a\000\040\000k\000l\000a\000s\000y\000\040\000B\000C\000o\000n\000n\000e\000c\000t\000i\000o\000n\000E\000x\000c\000e\000p\000t\000i\000o\000n}{chapter.2}
\BOOKMARK [2][-]{subsection.2.3.1}{\376\377\000O\000p\000i\000s\000\040\000s\000z\000c\000z\000e\000g\000\363\001\102\000o\000w\000y}{section.2.3}
\BOOKMARK [2][-]{subsection.2.3.2}{\376\377\000D\000o\000k\000u\000m\000e\000n\000t\000a\000c\000j\000a\000\040\000f\000u\000n\000k\000c\000j\000i\000\040\000s\000k\001\102\000a\000d\000o\000w\000y\000c\000h}{section.2.3}
\BOOKMARK [3][-]{subsubsection.2.3.2.1}{\376\377\000g\000e\000t\000D\000a\000t\000a\000g\000r\000a\000m}{subsection.2.3.2}
\BOOKMARK [3][-]{subsubsection.2.3.2.2}{\376\377\000t\000o\000S\000t\000r\000i\000n\000g}{subsection.2.3.2}
\BOOKMARK [1][-]{section.2.4}{\376\377\000D\000o\000k\000u\000m\000e\000n\000t\000a\000c\000j\000a\000\040\000k\000l\000a\000s\000y\000\040\000B\000C\000o\000n\000n\000e\000c\000t\000i\000o\000n\000W\000i\000d\000g\000e\000t}{chapter.2}
\BOOKMARK [2][-]{subsection.2.4.1}{\376\377\000O\000p\000i\000s\000\040\000s\000z\000c\000z\000e\000g\000\363\001\102\000o\000w\000y}{section.2.4}
\BOOKMARK [2][-]{subsection.2.4.2}{\376\377\000D\000o\000k\000u\000m\000e\000n\000t\000a\000c\000j\000a\000\040\000k\000o\000n\000s\000t\000r\000u\000k\000t\000o\000r\000a\000\040\000i\000\040\000d\000e\000s\000t\000r\000u\000k\000t\000o\000r\000a}{section.2.4}
\BOOKMARK [3][-]{subsubsection.2.4.2.1}{\376\377\000B\000C\000o\000n\000n\000e\000c\000t\000i\000o\000n\000W\000i\000d\000g\000e\000t}{subsection.2.4.2}
\BOOKMARK [2][-]{subsection.2.4.3}{\376\377\000D\000o\000k\000u\000m\000e\000n\000t\000a\000c\000j\000a\000\040\000f\000u\000n\000k\000c\000j\000i\000\040\000s\000k\001\102\000a\000d\000o\000w\000y\000c\000h}{section.2.4}
\BOOKMARK [3][-]{subsubsection.2.4.3.1}{\376\377\000c\000h\000a\000n\000g\000e\000E\000v\000e\000n\000t}{subsection.2.4.3}
\BOOKMARK [3][-]{subsubsection.2.4.3.2}{\376\377\000c\000o\000n\000n\000e\000c\000t\000B\000u\000t\000t\000o\000n\000C\000l\000i\000c\000k\000e\000d}{subsection.2.4.3}
\BOOKMARK [3][-]{subsubsection.2.4.3.3}{\376\377\000s\000e\000r\000v\000e\000r\000C\000o\000n\000n\000e\000c\000t\000e\000d}{subsection.2.4.3}
\BOOKMARK [3][-]{subsubsection.2.4.3.4}{\376\377\000s\000e\000r\000v\000e\000r\000D\000i\000s\000c\000o\000n\000n\000e\000c\000t\000e\000d}{subsection.2.4.3}
\BOOKMARK [3][-]{subsubsection.2.4.3.5}{\376\377\000s\000e\000t\000B\000l\000o\000c\000k\000e\000r\000O\000b\000j\000e\000c\000t}{subsection.2.4.3}
\BOOKMARK [3][-]{subsubsection.2.4.3.6}{\376\377\000s\000e\000t\000C\000o\000n\000n\000e\000c\000t\000i\000o\000n\000O\000b\000j\000e\000c\000t}{subsection.2.4.3}
\BOOKMARK [3][-]{subsubsection.2.4.3.7}{\376\377\000s\000e\000t\000S\000e\000t\000t\000i\000n\000g\000s\000O\000b\000j\000e\000c\000t}{subsection.2.4.3}
\BOOKMARK [3][-]{subsubsection.2.4.3.8}{\376\377\000s\000e\000t\000U\000s\000e\000T\000o\000k\000e\000n}{subsection.2.4.3}
\BOOKMARK [3][-]{subsubsection.2.4.3.9}{\376\377\000t\000h\000r\000o\000w\000E\000x\000c\000e\000p\000t\000i\000o\000n}{subsection.2.4.3}
\BOOKMARK [1][-]{section.2.5}{\376\377\000D\000o\000k\000u\000m\000e\000n\000t\000a\000c\000j\000a\000\040\000k\000l\000a\000s\000y\000\040\000B\000D\000a\000t\000a\000g\000r\000a\000m}{chapter.2}
\BOOKMARK [2][-]{subsection.2.5.1}{\376\377\000O\000p\000i\000s\000\040\000s\000z\000c\000z\000e\000g\000\363\001\102\000o\000w\000y}{section.2.5}
\BOOKMARK [2][-]{subsection.2.5.2}{\376\377\000D\000o\000k\000u\000m\000e\000n\000t\000a\000c\000j\000a\000\040\000k\000o\000n\000s\000t\000r\000u\000k\000t\000o\000r\000a\000\040\000i\000\040\000d\000e\000s\000t\000r\000u\000k\000t\000o\000r\000a}{section.2.5}
\BOOKMARK [3][-]{subsubsection.2.5.2.1}{\376\377\000B\000D\000a\000t\000a\000g\000r\000a\000m}{subsection.2.5.2}
\BOOKMARK [1][-]{section.2.6}{\376\377\000D\000o\000k\000u\000m\000e\000n\000t\000a\000c\000j\000a\000\040\000k\000l\000a\000s\000y\000\040\000B\000O\000b}{chapter.2}
\BOOKMARK [2][-]{subsection.2.6.1}{\376\377\000O\000p\000i\000s\000\040\000s\000z\000c\000z\000e\000g\000\363\001\102\000o\000w\000y}{section.2.6}
\BOOKMARK [2][-]{subsection.2.6.2}{\376\377\000D\000o\000k\000u\000m\000e\000n\000t\000a\000c\000j\000a\000\040\000k\000o\000n\000s\000t\000r\000u\000k\000t\000o\000r\000a\000\040\000i\000\040\000d\000e\000s\000t\000r\000u\000k\000t\000o\000r\000a}{section.2.6}
\BOOKMARK [3][-]{subsubsection.2.6.2.1}{\376\377\000B\000O\000b}{subsection.2.6.2}
\BOOKMARK [2][-]{subsection.2.6.3}{\376\377\000D\000o\000k\000u\000m\000e\000n\000t\000a\000c\000j\000a\000\040\000f\000u\000n\000k\000c\000j\000i\000\040\000s\000k\001\102\000a\000d\000o\000w\000y\000c\000h}{section.2.6}
\BOOKMARK [3][-]{subsubsection.2.6.3.1}{\376\377\000a\000p\000p\000e\000n\000d\000T\000o\000A\000r\000r\000a\000y}{subsection.2.6.3}
\BOOKMARK [2][-]{subsection.2.6.4}{\376\377\000D\000o\000k\000u\000m\000e\000n\000t\000a\000c\000j\000a\000\040\000a\000t\000r\000y\000b\000u\000t\000\363\000w\000\040\000s\000k\001\102\000a\000d\000o\000w\000y\000c\000h}{section.2.6}
\BOOKMARK [3][-]{subsubsection.2.6.4.1}{\376\377\000h\000e\000i\000g\000h\000t}{subsection.2.6.4}
\BOOKMARK [3][-]{subsubsection.2.6.4.2}{\376\377\000w\000i\000d\000t\000h}{subsection.2.6.4}
\BOOKMARK [3][-]{subsubsection.2.6.4.3}{\376\377\000x}{subsection.2.6.4}
\BOOKMARK [3][-]{subsubsection.2.6.4.4}{\376\377\000y}{subsection.2.6.4}
\BOOKMARK [1][-]{section.2.7}{\376\377\000D\000o\000k\000u\000m\000e\000n\000t\000a\000c\000j\000a\000\040\000k\000l\000a\000s\000y\000\040\000B\000O\000b\000L\000i\000s\000t}{chapter.2}
\BOOKMARK [2][-]{subsection.2.7.1}{\376\377\000O\000p\000i\000s\000\040\000s\000z\000c\000z\000e\000g\000\363\001\102\000o\000w\000y}{section.2.7}
\BOOKMARK [2][-]{subsection.2.7.2}{\376\377\000D\000o\000k\000u\000m\000e\000n\000t\000a\000c\000j\000a\000\040\000k\000o\000n\000s\000t\000r\000u\000k\000t\000o\000r\000a\000\040\000i\000\040\000d\000e\000s\000t\000r\000u\000k\000t\000o\000r\000a}{section.2.7}
\BOOKMARK [3][-]{subsubsection.2.7.2.1}{\376\377\000B\000O\000b\000L\000i\000s\000t}{subsection.2.7.2}
\BOOKMARK [2][-]{subsection.2.7.3}{\376\377\000D\000o\000k\000u\000m\000e\000n\000t\000a\000c\000j\000a\000\040\000f\000u\000n\000k\000c\000j\000i\000\040\000s\000k\001\102\000a\000d\000o\000w\000y\000c\000h}{section.2.7}
\BOOKMARK [3][-]{subsubsection.2.7.3.1}{\376\377\000p\000a\000c\000k}{subsection.2.7.3}
